<?xml version="1.0" encoding="UTF-8"?>
<coverage generated="1683758524914" clover="3.2.0">
  <project timestamp="1683758524922" name="All files">
    <metrics statements="7" coveredstatements="3" conditionals="2" coveredconditionals="0" methods="2" coveredmethods="0" elements="11" coveredelements="3" complexity="0" loc="7" ncloc="7" packages="1" files="1" classes="1"/>
    <file name="funcionality.js" path="C:\Users\ezeki\Downloads\To-Do-List\testing\funcionality.js">
      <metrics statements="7" coveredstatements="3" conditionals="2" coveredconditionals="0" methods="2" coveredmethods="0"/>
      <line num="1" count="1" type="stmt"/>
      <line num="3" count="1" type="stmt"/>
      <line num="6" count="0" type="stmt"/>
      <line num="11" count="0" type="stmt"/>
      <line num="15" count="1" type="stmt"/>
      <line num="16" count="0" type="cond" truecount="0" falsecount="2"/>
      <line num="17" count="0" type="stmt"/>
    </file>
  </project>
</coverage>
