{"C:\\Users\\ezeki\\Downloads\\To-Do-List\\testing\\funcionality.js": {"path":"C:\\Users\\ezeki\\Downloads\\To-Do-List\\testing\\funcionality.js","statementMap":{"0":{"start":{"line":1,"column":14},"end":{"line":15,"column":4}},"1":{"start":{"line":17,"column":16},"end":{"line":24,"column":1}},"2":{"start":{"line":18,"column":18},"end":{"line":22,"column":3}},"3":{"start":{"line":23,"column":2},"end":{"line":23,"column":22}},"4":{"start":{"line":26,"column":19},"end":{"line":28,"column":1}},"5":{"start":{"line":27,"column":2},"end":{"line":27,"column":21}}},"fnMap":{"0":{"name":"(anonymous_0)","decl":{"start":{"line":17,"column":16},"end":{"line":17,"column":17}},"loc":{"start":{"line":17,"column":22},"end":{"line":24,"column":1}},"line":17},"1":{"name":"(anonymous_1)","decl":{"start":{"line":26,"column":19},"end":{"line":26,"column":20}},"loc":{"start":{"line":26,"column":26},"end":{"line":28,"column":1}},"line":26}},"branchMap":{},"s":{"0":1,"1":1,"2":2,"3":2,"4":1,"5":2},"f":{"0":2,"1":2},"b":{},"_coverageSchema":"1a1c01bbd47fc00a2c39e90264f33305004495a9","hash":"8a4f9a0ba553202b0e550d56033bab402e369c98"}
}
